TN:
SF:/Users/linfangyang/Documents/GitHub/W210_project_patentability/PatentSite/PatentSite/app/core/app.js
FN:1,(anonymous_1)
FNF:1
FNH:1
FNDA:1,(anonymous_1)
DA:1,1
DA:4,1
LF:2
LH:2
BRF:0
BRH:0
end_of_record
TN:
SF:/Users/linfangyang/Documents/GitHub/W210_project_patentability/PatentSite/PatentSite/app/core/app.routes.js
FN:1,(anonymous_1)
FN:10,config
FNF:2
FNH:2
FNDA:1,(anonymous_1)
FNDA:1,config
DA:1,1
DA:4,1
DA:8,1
DA:10,1
DA:11,1
DA:12,1
DA:13,1
DA:14,1
DA:15,1
DA:16,1
DA:17,1
DA:18,1
LF:12
LH:12
BRF:0
BRH:0
end_of_record
TN:
SF:/Users/linfangyang/Documents/GitHub/W210_project_patentability/PatentSite/PatentSite/app/core/form/formController.js
FN:1,(anonymous_1)
FN:10,FormController
FN:17,update
FNF:3
FNH:3
FNDA:1,(anonymous_1)
FNDA:2,FormController
FNDA:1,update
DA:1,1
DA:4,1
DA:8,1
DA:10,1
DA:11,2
DA:13,2
DA:14,2
DA:15,2
DA:17,1
DA:18,1
LF:10
LH:10
BRF:0
BRH:0
end_of_record
TN:
SF:/Users/linfangyang/Documents/GitHub/W210_project_patentability/PatentSite/PatentSite/app/core/indexController.js
FN:1,(anonymous_1)
FN:10,IndexController
FN:17,retrieve
FN:18,(anonymous_4)
FN:23,getTodos
FN:25,(anonymous_6)
FNF:6
FNH:6
FNDA:1,(anonymous_1)
FNDA:3,IndexController
FNDA:3,retrieve
FNDA:1,(anonymous_4)
FNDA:3,getTodos
FNDA:1,(anonymous_6)
DA:1,1
DA:4,1
DA:8,1
DA:10,1
DA:11,3
DA:13,3
DA:15,3
DA:17,1
DA:18,3
DA:19,1
DA:23,1
DA:24,3
DA:26,1
DA:27,1
LF:14
LH:14
BRF:0
BRH:0
end_of_record
TN:
SF:/Users/linfangyang/Documents/GitHub/W210_project_patentability/PatentSite/PatentSite/app/core/json/jsonController.js
FN:1,(anonymous_1)
FN:10,JsonController
FN:17,retrieve
FN:18,(anonymous_4)
FN:23,getJson
FN:24,(anonymous_6)
FNF:6
FNH:6
FNDA:1,(anonymous_1)
FNDA:3,JsonController
FNDA:3,retrieve
FNDA:1,(anonymous_4)
FNDA:3,getJson
FNDA:1,(anonymous_6)
DA:1,1
DA:4,1
DA:8,1
DA:10,1
DA:11,3
DA:13,3
DA:15,3
DA:17,1
DA:18,3
DA:19,1
DA:23,1
DA:24,3
DA:25,1
DA:26,1
LF:14
LH:14
BRF:0
BRH:0
end_of_record
TN:
SF:/Users/linfangyang/Documents/GitHub/W210_project_patentability/PatentSite/PatentSite/app/core/json/jsonService.js
FN:1,(anonymous_1)
FN:10,jsonService
FN:15,getData
FN:20,getDataComplete
FN:24,getDataFailed
FNF:5
FNH:5
FNDA:1,(anonymous_1)
FNDA:3,jsonService
FNDA:3,getData
FNDA:1,getDataComplete
FNDA:1,getDataFailed
DA:1,1
DA:4,1
DA:8,1
DA:10,1
DA:11,3
DA:15,1
DA:16,3
DA:20,1
DA:21,1
DA:24,1
DA:25,1
DA:26,1
DA:27,1
LF:13
LH:13
BRF:0
BRH:0
end_of_record
TN:
SF:/Users/linfangyang/Documents/GitHub/W210_project_patentability/PatentSite/PatentSite/app/core/mountains/detailsController.js
FN:1,(anonymous_1)
FN:10,MountainsDetailsController
FN:16,deleteById
FNF:3
FNH:3
FNDA:1,(anonymous_1)
FNDA:3,MountainsDetailsController
FNDA:1,deleteById
DA:1,1
DA:4,1
DA:8,1
DA:10,1
DA:11,3
DA:13,3
DA:14,3
DA:16,1
DA:17,1
DA:18,1
LF:10
LH:10
BRF:0
BRH:0
end_of_record
TN:
SF:/Users/linfangyang/Documents/GitHub/W210_project_patentability/PatentSite/PatentSite/app/core/mountains/listController.js
FN:1,(anonymous_1)
FN:10,MountainsListController
FNF:2
FNH:2
FNDA:1,(anonymous_1)
FNDA:2,MountainsListController
DA:1,1
DA:4,1
DA:8,1
DA:10,1
DA:11,2
DA:13,2
LF:6
LH:6
BRF:0
BRH:0
end_of_record
TN:
SF:/Users/linfangyang/Documents/GitHub/W210_project_patentability/PatentSite/PatentSite/app/core/mountains/mountainsService.js
FN:1,(anonymous_1)
FN:10,mountainsService
FN:31,getAll
FN:35,getById
FN:37,(anonymous_5)
FN:45,deleteById
FN:46,(anonymous_7)
FNF:7
FNH:7
FNDA:1,(anonymous_1)
FNDA:5,mountainsService
FNDA:2,getAll
FNDA:3,getById
FNDA:33,(anonymous_5)
FNDA:1,deleteById
FNDA:10,(anonymous_7)
DA:1,1
DA:4,1
DA:8,1
DA:10,1
DA:11,5
DA:25,5
DA:31,1
DA:32,2
DA:35,1
DA:36,3
DA:37,3
DA:38,33
DA:39,3
DA:42,3
DA:45,1
DA:46,1
DA:47,10
DA:48,1
LF:18
LH:18
BRDA:38,1,0,3
BRDA:38,1,1,30
BRDA:47,2,0,1
BRDA:47,2,1,9
BRF:4
BRH:4
end_of_record
TN:
SF:/Users/linfangyang/Documents/GitHub/W210_project_patentability/PatentSite/PatentSite/app/core/navigation/breadcrumbsController.js
FN:1,(anonymous_1)
FN:10,BreadcrumbsController
FNF:2
FNH:2
FNDA:1,(anonymous_1)
FNDA:1,BreadcrumbsController
DA:1,1
DA:4,1
DA:8,1
DA:10,1
LF:4
LH:4
BRF:0
BRH:0
end_of_record
TN:
SF:/Users/linfangyang/Documents/GitHub/W210_project_patentability/PatentSite/PatentSite/app/core/navigation/footerController.js
FN:1,(anonymous_1)
FN:10,FooterController
FNF:2
FNH:2
FNDA:1,(anonymous_1)
FNDA:1,FooterController
DA:1,1
DA:4,1
DA:8,1
DA:10,1
LF:4
LH:4
BRF:0
BRH:0
end_of_record
TN:
SF:/Users/linfangyang/Documents/GitHub/W210_project_patentability/PatentSite/PatentSite/app/core/navigation/headerController.js
FN:1,(anonymous_1)
FN:10,HeaderController
FNF:2
FNH:2
FNDA:1,(anonymous_1)
FNDA:1,HeaderController
DA:1,1
DA:4,1
DA:8,1
DA:10,1
LF:4
LH:4
BRF:0
BRH:0
end_of_record
TN:
SF:/Users/linfangyang/Documents/GitHub/W210_project_patentability/PatentSite/PatentSite/app/core/navigation/menuController.js
FN:1,(anonymous_1)
FN:10,MenuController
FN:15,getClass
FNF:3
FNH:3
FNDA:1,(anonymous_1)
FNDA:3,MenuController
FNDA:2,getClass
DA:1,1
DA:4,1
DA:8,1
DA:10,1
DA:11,3
DA:13,3
DA:15,1
DA:16,2
DA:17,1
DA:19,1
LF:10
LH:10
BRDA:16,1,0,1
BRDA:16,1,1,1
BRF:2
BRH:2
end_of_record
TN:
SF:/Users/linfangyang/Documents/GitHub/W210_project_patentability/PatentSite/PatentSite/app/core/todos/categoriesService.js
FN:1,(anonymous_1)
FN:6,(anonymous_2)
FN:11,getCategories
FN:16,getCategoriesComplete
FN:20,getCategoriesFailed
FNF:5
FNH:5
FNDA:1,(anonymous_1)
FNDA:4,(anonymous_2)
FNDA:4,getCategories
FNDA:1,getCategoriesComplete
FNDA:1,getCategoriesFailed
DA:1,1
DA:4,1
DA:7,4
DA:11,1
DA:12,4
DA:16,1
DA:17,1
DA:20,1
DA:21,1
DA:22,1
DA:23,1
LF:11
LH:11
BRF:0
BRH:0
end_of_record
TN:
SF:/Users/linfangyang/Documents/GitHub/W210_project_patentability/PatentSite/PatentSite/app/core/todos/listController.js
FN:1,(anonymous_1)
FN:10,TodosListController
FN:15,deleteCompleted
FN:16,(anonymous_4)
FNF:4
FNH:4
FNDA:1,(anonymous_1)
FNDA:2,TodosListController
FNDA:1,deleteCompleted
FNDA:4,(anonymous_4)
DA:1,1
DA:4,1
DA:8,1
DA:10,1
DA:11,2
DA:13,2
DA:15,1
DA:16,1
DA:17,4
LF:9
LH:9
BRF:0
BRH:0
end_of_record
TN:
SF:/Users/linfangyang/Documents/GitHub/W210_project_patentability/PatentSite/PatentSite/app/core/todos/newController.js
FN:1,(anonymous_1)
FN:10,TodosNewController
FN:22,retrieve
FN:23,(anonymous_4)
FN:28,getCategories
FN:30,(anonymous_6)
FN:36,addTodo
FNF:7
FNH:7
FNDA:1,(anonymous_1)
FNDA:4,TodosNewController
FNDA:4,retrieve
FNDA:1,(anonymous_4)
FNDA:4,getCategories
FNDA:1,(anonymous_6)
FNDA:1,addTodo
DA:1,1
DA:4,1
DA:8,1
DA:10,1
DA:11,4
DA:13,4
DA:14,4
DA:15,4
DA:20,4
DA:22,1
DA:23,4
DA:24,1
DA:28,1
DA:29,4
DA:31,1
DA:32,1
DA:36,1
DA:37,1
DA:44,1
DA:45,1
LF:20
LH:20
BRF:0
BRH:0
end_of_record
TN:
SF:/Users/linfangyang/Documents/GitHub/W210_project_patentability/PatentSite/PatentSite/app/core/todos/todosService.js
FN:1,(anonymous_1)
FN:10,todosService
FN:15,getTodos
FN:20,getTodosComplete
FN:24,getTodosFailed
FNF:5
FNH:5
FNDA:1,(anonymous_1)
FNDA:3,todosService
FNDA:3,getTodos
FNDA:1,getTodosComplete
FNDA:1,getTodosFailed
DA:1,1
DA:4,1
DA:8,1
DA:10,1
DA:11,3
DA:15,1
DA:16,3
DA:20,1
DA:21,1
DA:24,1
DA:25,1
DA:26,1
DA:27,1
LF:13
LH:13
BRF:0
BRH:0
end_of_record
TN:
SF:/Users/linfangyang/Documents/GitHub/W210_project_patentability/PatentSite/PatentSite/app/common/constants/constants.js
FN:1,(anonymous_1)
FNF:1
FNH:1
FNDA:1,(anonymous_1)
DA:1,1
DA:4,1
LF:2
LH:2
BRF:0
BRH:0
end_of_record
TN:
SF:/Users/linfangyang/Documents/GitHub/W210_project_patentability/PatentSite/PatentSite/app/common/directives/aboutDirective.js
FN:1,(anonymous_1)
FN:10,appAbout
FN:11,(anonymous_3)
FNF:3
FNH:3
FNDA:1,(anonymous_1)
FNDA:1,appAbout
FNDA:1,(anonymous_3)
DA:1,1
DA:4,1
DA:8,1
DA:10,1
DA:11,1
DA:12,1
LF:6
LH:6
BRF:0
BRH:0
end_of_record
TN:
SF:/Users/linfangyang/Documents/GitHub/W210_project_patentability/PatentSite/PatentSite/app/common/directives/datepickerDirective.js
FN:1,(anonymous_1)
FN:10,ngDatePicker
FN:19,linkFunc
FN:30,onSelectFunc
FNF:4
FNH:4
FNDA:1,(anonymous_1)
FNDA:1,ngDatePicker
FNDA:1,linkFunc
FNDA:1,onSelectFunc
DA:1,1
DA:4,1
DA:8,1
DA:10,1
DA:11,1
DA:17,1
DA:19,1
DA:20,1
DA:30,1
DA:31,1
DA:32,1
LF:11
LH:11
BRF:0
BRH:0
end_of_record
TN:
SF:/Users/linfangyang/Documents/GitHub/W210_project_patentability/PatentSite/PatentSite/app/common/filters/filters.js
FN:1,(anonymous_1)
FN:10,rangeTime
FN:11,(anonymous_3)
FNF:3
FNH:3
FNDA:1,(anonymous_1)
FNDA:3,rangeTime
FNDA:2,(anonymous_3)
DA:1,1
DA:4,1
DA:8,1
DA:10,1
DA:11,3
DA:12,2
DA:13,2
DA:14,8
DA:15,4
DA:17,8
DA:19,2
LF:11
LH:11
BRDA:14,1,0,4
BRDA:14,1,1,4
BRF:2
BRH:2
end_of_record
